2022-06-24 20:23:59 INFO  OrangeHRMHome:95 - The option is selected from dropdown successfully
2022-06-24 20:35:19 INFO  OrangeHRMHome:96 - The option is selected from dropdown successfully
2022-06-24 20:35:20 INFO  OrangeHRMHome:71 - The information is successfully saved
2022-06-24 20:48:00 INFO  OrangeHRMHome:63 - Gulsen is successfully entered
2022-06-24 20:48:00 INFO  OrangeHRMHome:68 - Renastech is successfully entered
2022-06-24 20:48:01 INFO  OrangeHRMHome:98 - The option is selected from dropdown successfully
2022-06-24 20:48:02 INFO  OrangeHRMHome:73 - The information is successfully saved
2022-06-24 21:09:46 INFO  OrangeHRMHome:63 - Libby is successfully entered
2022-06-24 21:09:46 INFO  OrangeHRMHome:68 - Renastech is successfully entered
2022-06-24 21:09:48 INFO  OrangeHRMHome:73 - The information is successfully saved
2022-06-24 21:20:58 INFO  OrangeHRMHome:63 - Libby is successfully entered
2022-06-24 21:20:58 INFO  OrangeHRMHome:68 - Renastech is successfully entered
2022-06-24 21:21:00 INFO  OrangeHRMHome:73 - The information is successfully saved
2022-06-24 21:36:15 INFO  OrangeHRMHome:63 - Libby is successfully entered
2022-06-24 21:36:15 INFO  OrangeHRMHome:68 - Renastech is successfully entered
2022-06-24 21:36:17 INFO  OrangeHRMHome:73 - The information is successfully saved
2022-06-24 21:36:25 INFO  OrangeHRMHome:63 - Gulsen is successfully entered
2022-06-24 21:36:25 INFO  OrangeHRMHome:68 - Renastech is successfully entered
2022-06-24 21:36:27 INFO  OrangeHRMHome:98 - The option is selected from dropdown successfully
2022-06-24 21:36:28 INFO  OrangeHRMHome:73 - The information is successfully saved
2022-06-24 21:45:12 INFO  OrangeHRMHome:63 - Gulsen is successfully entered
2022-06-24 21:45:12 INFO  OrangeHRMHome:68 - Renastech is successfully entered
2022-06-24 21:45:13 INFO  OrangeHRMHome:98 - The option is selected from dropdown successfully
2022-06-24 21:45:15 INFO  OrangeHRMHome:73 - The information is successfully saved
2022-06-24 21:50:33 INFO  OrangeHRMHome:63 - Libby is successfully entered
2022-06-24 21:50:33 INFO  OrangeHRMHome:68 - Renastech is successfully entered
2022-06-24 21:50:35 INFO  OrangeHRMHome:73 - The information is successfully saved
2022-06-24 21:50:43 INFO  OrangeHRMHome:63 - Gulsen is successfully entered
2022-06-24 21:50:43 INFO  OrangeHRMHome:68 - Renastech is successfully entered
2022-06-24 21:50:45 INFO  OrangeHRMHome:98 - The option is selected from dropdown successfully
2022-06-24 21:50:46 INFO  OrangeHRMHome:73 - The information is successfully saved

2022-06-24 21:51:00 INFO  OrangeHRMHome:68 - 123BRk is successfully entered

2022-06-24 21:51:00 INFO  OrangeHRMHome:68 - 123BRk is successfully entered
2022-06-27 21:30:19 INFO  OrangeHRMHome:63 - Gule is successfully entered
2022-06-27 21:30:19 INFO  OrangeHRMHome:68 - Eda is successfully entered
2022-06-27 21:30:21 INFO  OrangeHRMHome:73 - The information is successfully saved
2022-06-27 21:31:29 INFO  OrangeHRMHome:63 - Gule is successfully entered
2022-06-27 21:31:29 INFO  OrangeHRMHome:68 - Eda is successfully entered
2022-06-27 21:31:31 INFO  OrangeHRMHome:73 - The information is successfully saved
2022-06-27 21:31:42 INFO  OrangeHRMHome:63 - Omer1234 is successfully entered
2022-06-27 21:31:42 INFO  OrangeHRMHome:68 - 123BRk is successfully entered
2022-06-27 21:31:43 INFO  OrangeHRMHome:98 - The option is selected from dropdown successfully
2022-06-27 21:31:44 INFO  OrangeHRMHome:73 - The information is successfully saved
2022-06-27 21:43:37 INFO  OrangeHRMHome:63 - Eda is successfully entered
2022-06-27 21:43:37 INFO  OrangeHRMHome:68 - Atar is successfully entered
2022-06-27 21:43:38 INFO  OrangeHRMHome:98 - The option is selected from dropdown successfully
2022-06-27 21:43:48 INFO  OrangeHRMHome:63 - Eda is successfully entered
2022-06-27 21:43:48 INFO  OrangeHRMHome:68 - Atar is successfully entered
2022-06-27 21:43:50 INFO  OrangeHRMHome:98 - The option is selected from dropdown successfully
2022-06-27 21:44:00 INFO  OrangeHRMHome:63 - Eda is successfully entered
2022-06-27 21:44:00 INFO  OrangeHRMHome:68 - Atar is successfully entered
2022-06-27 21:44:02 INFO  OrangeHRMHome:98 - The option is selected from dropdown successfully
2022-06-27 21:44:12 INFO  OrangeHRMHome:63 - Eda is successfully entered
2022-06-27 21:44:12 INFO  OrangeHRMHome:68 - Atar is successfully entered
2022-06-27 21:44:14 INFO  OrangeHRMHome:98 - The option is selected from dropdown successfully
2022-06-27 21:44:24 INFO  OrangeHRMHome:63 - Eda is successfully entered
2022-06-27 21:44:24 INFO  OrangeHRMHome:68 - Atar is successfully entered
2022-06-27 21:44:25 INFO  OrangeHRMHome:98 - The option is selected from dropdown successfully
2022-06-30 16:29:22 INFO  OrangeHRMHome:63 - Gule is successfully entered
2022-06-30 16:29:23 INFO  OrangeHRMHome:68 - Eda is successfully entered
2022-06-30 16:29:25 INFO  OrangeHRMHome:73 - The information is successfully saved
2022-06-30 16:29:28 INFO  OrangeHRMHome:63 - Libby is successfully entered
2022-06-30 16:29:29 INFO  OrangeHRMHome:68 - Renastech is successfully entered
2022-06-30 16:29:32 INFO  OrangeHRMHome:73 - The information is successfully saved
2022-06-30 16:29:35 INFO  OrangeHRMHome:63 - Omer1234 is successfully entered
2022-06-30 16:29:35 INFO  OrangeHRMHome:68 - 123BRk is successfully entered
2022-06-30 16:29:37 INFO  OrangeHRMHome:98 - The option is selected from dropdown successfully
2022-06-30 16:29:38 INFO  OrangeHRMHome:73 - The information is successfully saved
2022-06-30 16:29:42 INFO  OrangeHRMHome:63 - Gulsen is successfully entered
2022-06-30 16:29:42 INFO  OrangeHRMHome:68 - Renastech is successfully entered
2022-06-30 16:29:45 INFO  OrangeHRMHome:98 - The option is selected from dropdown successfully
2022-06-30 16:29:46 INFO  OrangeHRMHome:73 - The information is successfully saved
2022-06-30 16:30:02 INFO  OrangeHRMHome:63 - Omer1234 is successfully entered
2022-06-30 16:30:02 INFO  OrangeHRMHome:68 - 123BRk is successfully entered
2022-06-30 19:25:19 INFO  OrangeHRMHome:63 - Gule is successfully entered
2022-06-30 19:25:19 INFO  OrangeHRMHome:68 - Eda is successfully entered
2022-06-30 19:25:22 INFO  OrangeHRMHome:73 - The information is successfully saved
2022-06-30 19:25:22 INFO  OrangeHRMHome:63 - Libby is successfully entered
2022-06-30 19:25:22 INFO  OrangeHRMHome:68 - Renastech is successfully entered
2022-06-30 19:25:24 INFO  OrangeHRMHome:73 - The information is successfully saved
2022-06-30 19:25:30 INFO  OrangeHRMHome:63 - Omer1234 is successfully entered
2022-06-30 19:25:30 INFO  OrangeHRMHome:68 - 123BRk is successfully entered
2022-06-30 19:25:32 INFO  OrangeHRMHome:98 - The option is selected from dropdown successfully
2022-06-30 19:25:33 INFO  OrangeHRMHome:73 - The information is successfully saved
2022-06-30 19:25:33 INFO  OrangeHRMHome:63 - Gulsen is successfully entered
2022-06-30 19:25:33 INFO  OrangeHRMHome:68 - Renastech is successfully entered
2022-06-30 19:25:35 INFO  OrangeHRMHome:98 - The option is selected from dropdown successfully
2022-06-30 19:25:36 INFO  OrangeHRMHome:73 - The information is successfully saved
2022-06-30 19:25:50 INFO  OrangeHRMHome:63 - Omer1234 is successfully entered
2022-06-30 19:25:50 INFO  OrangeHRMHome:68 - 123BRk is successfully entered
2022-06-30 19:30:32 INFO  OrangeHRMHome:63 - Gule is successfully entered
2022-06-30 19:30:32 INFO  OrangeHRMHome:68 - Eda is successfully entered
2022-06-30 19:30:34 INFO  OrangeHRMHome:73 - The information is successfully saved
2022-06-30 19:30:45 INFO  OrangeHRMHome:63 - Omer1234 is successfully entered
2022-06-30 19:30:45 INFO  OrangeHRMHome:68 - 123BRk is successfully entered
2022-06-30 19:30:46 INFO  OrangeHRMHome:98 - The option is selected from dropdown successfully
2022-06-30 19:30:47 INFO  OrangeHRMHome:73 - The information is successfully saved
2022-06-30 19:32:00 INFO  OrangeHRMHome:63 - Gule is successfully entered
2022-06-30 19:32:00 INFO  OrangeHRMHome:68 - Eda is successfully entered
2022-06-30 19:32:02 INFO  OrangeHRMHome:73 - The information is successfully saved
2022-06-30 19:32:09 INFO  OrangeHRMHome:63 - Libby is successfully entered
2022-06-30 19:32:09 INFO  OrangeHRMHome:68 - Renastech is successfully entered
2022-06-30 19:32:10 INFO  OrangeHRMHome:73 - The information is successfully saved
2022-06-30 19:32:12 INFO  OrangeHRMHome:63 - Omer1234 is successfully entered
2022-06-30 19:32:13 INFO  OrangeHRMHome:68 - 123BRk is successfully entered
2022-06-30 19:32:14 INFO  OrangeHRMHome:98 - The option is selected from dropdown successfully
2022-06-30 19:32:15 INFO  OrangeHRMHome:73 - The information is successfully saved
2022-06-30 19:32:21 INFO  OrangeHRMHome:63 - Gulsen is successfully entered
2022-06-30 19:32:21 INFO  OrangeHRMHome:68 - Renastech is successfully entered
2022-06-30 19:32:23 INFO  OrangeHRMHome:98 - The option is selected from dropdown successfully
2022-06-30 19:32:24 INFO  OrangeHRMHome:73 - The information is successfully saved
2022-06-30 19:32:40 INFO  OrangeHRMHome:63 - Omer1234 is successfully entered
2022-06-30 19:32:40 INFO  OrangeHRMHome:68 - 123BRk is successfully entered
2022-06-30 19:32:42 INFO  OrangeHRMHome:98 - The option is selected from dropdown successfully
2022-06-30 19:32:43 INFO  OrangeHRMHome:73 - The information is successfully saved
2022-06-30 19:39:16 INFO  OrangeHRMHome:63 - Gule is successfully entered
2022-06-30 19:39:17 INFO  OrangeHRMHome:68 - Eda is successfully entered
2022-06-30 19:39:19 INFO  OrangeHRMHome:73 - The information is successfully saved
2022-06-30 19:39:23 INFO  OrangeHRMHome:63 - Libby is successfully entered
2022-06-30 19:39:23 INFO  OrangeHRMHome:68 - Renastech is successfully entered
2022-06-30 19:39:25 INFO  OrangeHRMHome:73 - The information is successfully saved
2022-06-30 19:39:31 INFO  OrangeHRMHome:63 - Omer1234 is successfully entered
2022-06-30 19:39:31 INFO  OrangeHRMHome:68 - 123BRk is successfully entered
2022-06-30 19:39:32 INFO  OrangeHRMHome:98 - The option is selected from dropdown successfully
2022-06-30 19:39:33 INFO  OrangeHRMHome:73 - The information is successfully saved
2022-06-30 19:39:38 INFO  OrangeHRMHome:63 - Gulsen is successfully entered
2022-06-30 19:39:38 INFO  OrangeHRMHome:68 - Renastech is successfully entered
2022-06-30 19:39:39 INFO  OrangeHRMHome:98 - The option is selected from dropdown successfully
2022-06-30 19:39:41 INFO  OrangeHRMHome:73 - The information is successfully saved
2022-06-30 19:39:58 INFO  OrangeHRMHome:63 - Omer1234 is successfully entered
2022-06-30 19:39:58 INFO  OrangeHRMHome:68 - 123BRk is successfully entered
2022-06-30 19:39:59 INFO  OrangeHRMHome:98 - The option is selected from dropdown successfully
2022-06-30 19:40:00 INFO  OrangeHRMHome:73 - The information is successfully saved

2022-07-07 10:18:24 INFO  OrangeHRMHome:63 - Gule is successfully entered
2022-07-07 10:18:24 INFO  OrangeHRMHome:68 - Eda is successfully entered
2022-07-07 10:18:26 INFO  OrangeHRMHome:73 - The information is successfully saved
2022-07-07 10:18:36 INFO  OrangeHRMHome:63 - Omer1234 is successfully entered
2022-07-07 10:18:36 INFO  OrangeHRMHome:68 - 123BRk is successfully entered
2022-07-07 10:18:37 INFO  OrangeHRMHome:98 - The option is selected from dropdown successfully
2022-07-07 10:18:38 INFO  OrangeHRMHome:73 - The information is successfully saved
2022-07-07 10:19:09 INFO  OrangeHRMHome:63 - Libby is successfully entered
2022-07-07 10:19:09 INFO  OrangeHRMHome:68 - Renastech is successfully entered
2022-07-07 10:19:11 INFO  OrangeHRMHome:73 - The information is successfully saved
2022-07-07 10:19:20 INFO  OrangeHRMHome:63 - Gulsen is successfully entered
2022-07-07 10:19:20 INFO  OrangeHRMHome:68 - Renastech is successfully entered
2022-07-07 10:19:21 INFO  OrangeHRMHome:98 - The option is selected from dropdown successfully
2022-07-07 10:19:22 INFO  OrangeHRMHome:73 - The information is successfully saved
2022-07-07 10:19:37 INFO  OrangeHRMHome:63 - Omer1234 is successfully entered
2022-07-07 10:19:37 INFO  OrangeHRMHome:68 - 123BRk is successfully entered
2022-07-07 10:19:38 INFO  OrangeHRMHome:98 - The option is selected from dropdown successfully
2022-07-07 10:19:40 INFO  OrangeHRMHome:73 - The information is successfully saved
2022-07-09 14:16:46 INFO  OrangeHRMHome:63 - Gule is successfully entered
2022-07-09 14:16:46 INFO  OrangeHRMHome:68 - Eda is successfully entered
2022-07-09 14:16:48 INFO  OrangeHRMHome:73 - The information is successfully saved
2022-07-09 14:16:58 INFO  OrangeHRMHome:63 - Omer1234 is successfully entered
2022-07-09 14:16:58 INFO  OrangeHRMHome:68 - 123BRk is successfully entered
2022-07-09 14:17:00 INFO  OrangeHRMHome:98 - The option is selected from dropdown successfully
2022-07-09 14:17:01 INFO  OrangeHRMHome:73 - The information is successfully saved
2022-07-09 14:17:34 INFO  OrangeHRMHome:63 - Libby is successfully entered
2022-07-09 14:17:34 INFO  OrangeHRMHome:68 - Renastech is successfully entered
2022-07-09 14:17:36 INFO  OrangeHRMHome:73 - The information is successfully saved
2022-07-09 14:17:46 INFO  OrangeHRMHome:63 - Gulsen is successfully entered
2022-07-09 14:17:46 INFO  OrangeHRMHome:68 - Renastech is successfully entered
2022-07-09 14:17:48 INFO  OrangeHRMHome:98 - The option is selected from dropdown successfully
2022-07-09 14:17:49 INFO  OrangeHRMHome:73 - The information is successfully saved
2022-07-09 14:18:04 INFO  OrangeHRMHome:63 - Omer1234 is successfully entered
2022-07-09 14:18:04 INFO  OrangeHRMHome:68 - 123BRk is successfully entered
2022-07-09 14:18:06 INFO  OrangeHRMHome:98 - The option is selected from dropdown successfully
2022-07-09 14:18:07 INFO  OrangeHRMHome:73 - The information is successfully saved
=======
2022-07-06 13:54:09 INFO  OrangeHRMHome:63 - Gule is successfully entered
2022-07-06 13:54:09 INFO  OrangeHRMHome:68 - Eda is successfully entered
2022-07-06 13:54:10 INFO  OrangeHRMHome:73 - The information is successfully saved
2022-07-06 13:54:12 INFO  OrangeHRMHome:63 - Libby is successfully entered
2022-07-06 13:54:12 INFO  OrangeHRMHome:68 - Renastech is successfully entered
2022-07-06 13:54:14 INFO  OrangeHRMHome:73 - The information is successfully saved
2022-07-06 13:54:22 INFO  OrangeHRMHome:63 - Omer1234 is successfully entered
2022-07-06 13:54:23 INFO  OrangeHRMHome:68 - 123BRk is successfully entered
2022-07-06 13:54:24 INFO  OrangeHRMHome:98 - The option is selected from dropdown successfully
2022-07-06 13:54:25 INFO  OrangeHRMHome:73 - The information is successfully saved
2022-07-06 13:54:27 INFO  OrangeHRMHome:63 - Gulsen is successfully entered
2022-07-06 13:54:27 INFO  OrangeHRMHome:68 - Renastech is successfully entered
2022-07-06 13:54:28 INFO  OrangeHRMHome:98 - The option is selected from dropdown successfully
2022-07-06 13:54:29 INFO  OrangeHRMHome:73 - The information is successfully saved
2022-07-06 13:54:46 INFO  OrangeHRMHome:63 - Omer1234 is successfully entered
2022-07-06 13:54:46 INFO  OrangeHRMHome:68 - 123BRk is successfully entered
2022-07-06 13:54:47 INFO  OrangeHRMHome:98 - The option is selected from dropdown successfully
2022-07-06 13:54:49 INFO  OrangeHRMHome:73 - The information is successfully saved
2022-07-06 14:02:53 INFO  OrangeHRMHome:63 - Gule is successfully entered
2022-07-06 14:02:53 INFO  OrangeHRMHome:68 - Eda is successfully entered
2022-07-06 14:02:55 INFO  OrangeHRMHome:73 - The information is successfully saved
2022-07-06 14:03:05 INFO  OrangeHRMHome:63 - Omer1234 is successfully entered
2022-07-06 14:03:05 INFO  OrangeHRMHome:68 - 123BRk is successfully entered
2022-07-06 14:03:06 INFO  OrangeHRMHome:98 - The option is selected from dropdown successfully
2022-07-06 14:03:06 INFO  OrangeHRMHome:63 - Libby is successfully entered
2022-07-06 14:03:06 INFO  OrangeHRMHome:68 - Renastech is successfully entered
2022-07-06 14:03:07 INFO  OrangeHRMHome:73 - The information is successfully saved
2022-07-06 14:03:08 INFO  OrangeHRMHome:73 - The information is successfully saved
2022-07-06 14:03:18 INFO  OrangeHRMHome:63 - Gulsen is successfully entered
2022-07-06 14:03:18 INFO  OrangeHRMHome:68 - Renastech is successfully entered
2022-07-06 14:03:20 INFO  OrangeHRMHome:98 - The option is selected from dropdown successfully
2022-07-06 14:03:21 INFO  OrangeHRMHome:73 - The information is successfully saved
2022-07-06 14:03:36 INFO  OrangeHRMHome:63 - Omer1234 is successfully entered
2022-07-06 14:03:37 INFO  OrangeHRMHome:68 - 123BRk is successfully entered
2022-07-06 14:03:38 INFO  OrangeHRMHome:98 - The option is selected from dropdown successfully
2022-07-06 14:03:39 INFO  OrangeHRMHome:73 - The information is successfully saved
2022-07-06 14:03:55 INFO  OrangeHRMHome:63 - Eda is successfully entered
2022-07-06 14:03:55 INFO  OrangeHRMHome:68 - Atar is successfully entered
2022-07-06 14:03:56 INFO  OrangeHRMHome:98 - The option is selected from dropdown successfully
2022-07-06 14:04:06 INFO  OrangeHRMHome:63 - Eda is successfully entered
2022-07-06 14:04:06 INFO  OrangeHRMHome:68 - Atar is successfully entered
2022-07-06 14:04:07 INFO  OrangeHRMHome:98 - The option is selected from dropdown successfully
2022-07-06 14:04:17 INFO  OrangeHRMHome:63 - Eda is successfully entered
2022-07-06 14:04:17 INFO  OrangeHRMHome:68 - Atar is successfully entered
2022-07-06 14:04:20 INFO  OrangeHRMHome:98 - The option is selected from dropdown successfully
2022-07-06 14:04:30 INFO  OrangeHRMHome:63 - Eda is successfully entered
2022-07-06 14:04:30 INFO  OrangeHRMHome:68 - Atar is successfully entered
2022-07-06 14:04:32 INFO  OrangeHRMHome:98 - The option is selected from dropdown successfully
2022-07-06 14:04:42 INFO  OrangeHRMHome:63 - Eda is successfully entered
2022-07-06 14:04:42 INFO  OrangeHRMHome:68 - Atar is successfully entered
2022-07-06 14:04:43 INFO  OrangeHRMHome:98 - The option is selected from dropdown successfully
2022-07-06 14:05:33 INFO  OrangeHRMHome:63 - Gule is successfully entered
2022-07-06 14:05:33 INFO  OrangeHRMHome:68 - Eda is successfully entered
2022-07-06 14:05:35 INFO  OrangeHRMHome:73 - The information is successfully saved
2022-07-06 14:06:01 INFO  OrangeHRMHome:63 - Gule is successfully entered
2022-07-06 14:06:01 INFO  OrangeHRMHome:68 - Eda is successfully entered
2022-07-06 14:06:03 INFO  OrangeHRMHome:73 - The information is successfully saved
2022-07-06 14:06:29 INFO  OrangeHRMHome:63 - Gule is successfully entered
2022-07-06 14:06:29 INFO  OrangeHRMHome:68 - Eda is successfully entered
2022-07-06 14:06:31 INFO  OrangeHRMHome:73 - The information is successfully saved
2022-07-06 14:06:39 INFO  OrangeHRMHome:63 - Libby is successfully entered
2022-07-06 14:06:39 INFO  OrangeHRMHome:68 - Renastech is successfully entered
2022-07-06 14:06:41 INFO  OrangeHRMHome:73 - The information is successfully saved
2022-07-06 14:06:41 INFO  OrangeHRMHome:63 - Omer1234 is successfully entered
2022-07-06 14:06:41 INFO  OrangeHRMHome:68 - 123BRk is successfully entered
2022-07-06 14:06:43 INFO  OrangeHRMHome:98 - The option is selected from dropdown successfully
2022-07-06 14:06:44 INFO  OrangeHRMHome:73 - The information is successfully saved
2022-07-06 14:06:51 INFO  OrangeHRMHome:63 - Gulsen is successfully entered
2022-07-06 14:06:51 INFO  OrangeHRMHome:68 - Renastech is successfully entered
2022-07-06 14:06:52 INFO  OrangeHRMHome:98 - The option is selected from dropdown successfully
2022-07-06 14:06:53 INFO  OrangeHRMHome:73 - The information is successfully saved
2022-07-06 14:08:58 INFO  OrangeHRMHome:63 - Gule is successfully entered
2022-07-06 14:08:58 INFO  OrangeHRMHome:68 - Eda is successfully entered
2022-07-06 14:09:00 INFO  OrangeHRMHome:73 - The information is successfully saved
2022-07-06 14:09:08 INFO  OrangeHRMHome:63 - Libby is successfully entered
2022-07-06 14:09:08 INFO  OrangeHRMHome:68 - Renastech is successfully entered
2022-07-06 14:09:10 INFO  OrangeHRMHome:63 - Omer1234 is successfully entered
2022-07-06 14:09:10 INFO  OrangeHRMHome:68 - 123BRk is successfully entered
2022-07-06 14:09:10 INFO  OrangeHRMHome:73 - The information is successfully saved
2022-07-06 14:09:11 INFO  OrangeHRMHome:98 - The option is selected from dropdown successfully
2022-07-06 14:09:12 INFO  OrangeHRMHome:73 - The information is successfully saved
2022-07-06 14:09:20 INFO  OrangeHRMHome:63 - Gulsen is successfully entered
2022-07-06 14:09:20 INFO  OrangeHRMHome:68 - Renastech is successfully entered
2022-07-06 14:09:21 INFO  OrangeHRMHome:98 - The option is selected from dropdown successfully
2022-07-06 14:09:23 INFO  OrangeHRMHome:73 - The information is successfully saved
2022-07-06 14:09:38 INFO  OrangeHRMHome:63 - Omer1234 is successfully entered
2022-07-06 14:09:38 INFO  OrangeHRMHome:68 - 123BRk is successfully entered
2022-07-06 14:09:40 INFO  OrangeHRMHome:98 - The option is selected from dropdown successfully
2022-07-06 14:09:41 INFO  OrangeHRMHome:73 - The information is successfully saved
2022-07-06 14:09:55 INFO  OrangeHRMHome:63 - Eda is successfully entered
2022-07-06 14:09:55 INFO  OrangeHRMHome:68 - Atar is successfully entered
2022-07-06 14:09:57 INFO  OrangeHRMHome:98 - The option is selected from dropdown successfully
2022-07-06 14:10:07 INFO  OrangeHRMHome:63 - Eda is successfully entered
2022-07-06 14:10:07 INFO  OrangeHRMHome:68 - Atar is successfully entered
2022-07-06 14:10:08 INFO  OrangeHRMHome:98 - The option is selected from dropdown successfully
2022-07-06 14:10:20 INFO  OrangeHRMHome:63 - Eda is successfully entered
2022-07-06 14:10:20 INFO  OrangeHRMHome:68 - Atar is successfully entered
2022-07-06 14:11:24 INFO  OrangeHRMHome:63 - Gule is successfully entered
2022-07-06 14:11:24 INFO  OrangeHRMHome:68 - Eda is successfully entered
2022-07-06 14:11:26 INFO  OrangeHRMHome:73 - The information is successfully saved
2022-07-06 14:11:38 INFO  OrangeHRMHome:63 - Libby is successfully entered
2022-07-06 14:11:38 INFO  OrangeHRMHome:63 - Omer1234 is successfully entered
2022-07-06 14:11:38 INFO  OrangeHRMHome:68 - 123BRk is successfully entered
2022-07-06 14:11:38 INFO  OrangeHRMHome:68 - Renastech is successfully entered
2022-07-06 14:11:40 INFO  OrangeHRMHome:98 - The option is selected from dropdown successfully
2022-07-06 14:11:41 INFO  OrangeHRMHome:73 - The information is successfully saved
2022-07-06 14:11:41 INFO  OrangeHRMHome:73 - The information is successfully saved
2022-07-06 14:11:51 INFO  OrangeHRMHome:63 - Gulsen is successfully entered
2022-07-06 14:11:51 INFO  OrangeHRMHome:68 - Renastech is successfully entered
2022-07-06 14:11:53 INFO  OrangeHRMHome:98 - The option is selected from dropdown successfully
2022-07-06 14:11:54 INFO  OrangeHRMHome:73 - The information is successfully saved
2022-07-06 14:13:00 INFO  OrangeHRMHome:63 - Gule is successfully entered
2022-07-06 14:13:00 INFO  OrangeHRMHome:68 - Eda is successfully entered
2022-07-06 14:13:02 INFO  OrangeHRMHome:73 - The information is successfully saved
2022-07-06 14:13:10 INFO  OrangeHRMHome:63 - Libby is successfully entered
2022-07-06 14:13:10 INFO  OrangeHRMHome:68 - Renastech is successfully entered
2022-07-06 14:13:12 INFO  OrangeHRMHome:73 - The information is successfully saved
2022-07-06 14:13:12 INFO  OrangeHRMHome:63 - Omer1234 is successfully entered
2022-07-06 14:13:13 INFO  OrangeHRMHome:68 - 123BRk is successfully entered
2022-07-06 14:13:15 INFO  OrangeHRMHome:98 - The option is selected from dropdown successfully
2022-07-06 14:13:16 INFO  OrangeHRMHome:73 - The information is successfully saved
2022-07-06 14:13:29 INFO  OrangeHRMHome:63 - Gule is successfully entered
2022-07-06 14:13:29 INFO  OrangeHRMHome:63 - Gulsen is successfully entered
2022-07-06 14:13:29 INFO  OrangeHRMHome:68 - Eda is successfully entered
2022-07-06 14:13:29 INFO  OrangeHRMHome:68 - Renastech is successfully entered
2022-07-06 14:13:31 INFO  OrangeHRMHome:98 - The option is selected from dropdown successfully
2022-07-06 14:13:31 INFO  OrangeHRMHome:73 - The information is successfully saved
2022-07-06 14:13:32 INFO  OrangeHRMHome:73 - The information is successfully saved
2022-07-06 14:13:43 INFO  OrangeHRMHome:63 - Omer1234 is successfully entered
2022-07-06 14:13:43 INFO  OrangeHRMHome:68 - 123BRk is successfully entered
2022-07-06 14:13:44 INFO  OrangeHRMHome:98 - The option is selected from dropdown successfully
2022-07-06 14:13:44 INFO  OrangeHRMHome:63 - Libby is successfully entered
2022-07-06 14:13:44 INFO  OrangeHRMHome:68 - Renastech is successfully entered
2022-07-06 14:13:45 INFO  OrangeHRMHome:73 - The information is successfully saved
2022-07-06 14:13:48 INFO  OrangeHRMHome:73 - The information is successfully saved
2022-07-06 14:13:51 INFO  OrangeHRMHome:63 - Omer1234 is successfully entered
2022-07-06 14:13:51 INFO  OrangeHRMHome:68 - 123BRk is successfully entered
2022-07-06 14:13:53 INFO  OrangeHRMHome:98 - The option is selected from dropdown successfully
2022-07-06 14:13:54 INFO  OrangeHRMHome:73 - The information is successfully saved
2022-07-06 14:13:59 INFO  OrangeHRMHome:63 - Gulsen is successfully entered
2022-07-06 14:13:59 INFO  OrangeHRMHome:68 - Renastech is successfully entered
2022-07-06 14:14:01 INFO  OrangeHRMHome:98 - The option is selected from dropdown successfully
2022-07-06 14:14:02 INFO  OrangeHRMHome:73 - The information is successfully saved
2022-07-06 14:14:10 INFO  OrangeHRMHome:63 - Eda is successfully entered
2022-07-06 14:14:11 INFO  OrangeHRMHome:68 - Atar is successfully entered
2022-07-06 14:14:12 INFO  OrangeHRMHome:98 - The option is selected from dropdown successfully
2022-07-06 14:14:25 INFO  OrangeHRMHome:63 - Eda is successfully entered
2022-07-06 14:14:25 INFO  OrangeHRMHome:68 - Atar is successfully entered
2022-07-06 14:14:26 INFO  OrangeHRMHome:98 - The option is selected from dropdown successfully
2022-07-06 14:14:38 INFO  OrangeHRMHome:63 - Eda is successfully entered
2022-07-06 14:14:38 INFO  OrangeHRMHome:68 - Atar is successfully entered
2022-07-06 14:14:40 INFO  OrangeHRMHome:98 - The option is selected from dropdown successfully
2022-07-06 14:14:51 INFO  OrangeHRMHome:63 - Gule is successfully entered
2022-07-06 14:14:51 INFO  OrangeHRMHome:68 - Eda is successfully entered
2022-07-06 14:14:53 INFO  OrangeHRMHome:73 - The information is successfully saved
2022-07-06 14:14:53 INFO  OrangeHRMHome:63 - Eda is successfully entered
2022-07-06 14:14:53 INFO  OrangeHRMHome:68 - Atar is successfully entered
2022-07-06 14:14:55 INFO  OrangeHRMHome:98 - The option is selected from dropdown successfully
2022-07-06 14:15:06 INFO  OrangeHRMHome:63 - Omer1234 is successfully entered
2022-07-06 14:15:07 INFO  OrangeHRMHome:68 - 123BRk is successfully entered
2022-07-06 14:15:09 INFO  OrangeHRMHome:98 - The option is selected from dropdown successfully
2022-07-06 14:15:10 INFO  OrangeHRMHome:73 - The information is successfully saved
2022-07-06 14:15:11 INFO  OrangeHRMHome:63 - Eda is successfully entered
2022-07-06 14:15:11 INFO  OrangeHRMHome:63 - Libby is successfully entered
2022-07-06 14:15:11 INFO  OrangeHRMHome:68 - Atar is successfully entered
2022-07-06 14:15:11 INFO  OrangeHRMHome:68 - Renastech is successfully entered
2022-07-06 14:15:13 INFO  OrangeHRMHome:98 - The option is selected from dropdown successfully
2022-07-06 14:15:15 INFO  OrangeHRMHome:73 - The information is successfully saved
2022-07-06 14:15:26 INFO  OrangeHRMHome:63 - Gulsen is successfully entered
2022-07-06 14:15:26 INFO  OrangeHRMHome:68 - Renastech is successfully entered
2022-07-06 14:15:27 INFO  OrangeHRMHome:98 - The option is selected from dropdown successfully
2022-07-06 14:15:28 INFO  OrangeHRMHome:73 - The information is successfully saved
2022-07-06 14:15:45 INFO  OrangeHRMHome:63 - Omer1234 is successfully entered
2022-07-06 14:15:45 INFO  OrangeHRMHome:68 - 123BRk is successfully entered
2022-07-06 14:15:46 INFO  OrangeHRMHome:98 - The option is selected from dropdown successfully
2022-07-06 14:15:47 INFO  OrangeHRMHome:73 - The information is successfully saved
2022-07-06 14:16:03 INFO  OrangeHRMHome:63 - Eda is successfully entered
2022-07-06 14:16:03 INFO  OrangeHRMHome:68 - Atar is successfully entered
2022-07-06 14:16:04 INFO  OrangeHRMHome:98 - The option is selected from dropdown successfully
2022-07-06 14:16:15 INFO  OrangeHRMHome:63 - Eda is successfully entered
2022-07-06 14:16:15 INFO  OrangeHRMHome:68 - Atar is successfully entered
2022-07-06 14:16:17 INFO  OrangeHRMHome:98 - The option is selected from dropdown successfully
2022-07-06 14:16:26 INFO  OrangeHRMHome:63 - Eda is successfully entered
2022-07-06 14:16:26 INFO  OrangeHRMHome:68 - Atar is successfully entered
2022-07-06 14:16:28 INFO  OrangeHRMHome:98 - The option is selected from dropdown successfully
2022-07-06 14:17:12 INFO  OrangeHRMHome:63 - Gule is successfully entered
2022-07-06 14:17:13 INFO  OrangeHRMHome:68 - Eda is successfully entered
2022-07-06 14:17:15 INFO  OrangeHRMHome:73 - The information is successfully saved
2022-07-06 14:18:36 INFO  OrangeHRMHome:63 - Gule is successfully entered
2022-07-06 14:18:37 INFO  OrangeHRMHome:68 - Eda is successfully entered
2022-07-06 14:18:39 INFO  OrangeHRMHome:73 - The information is successfully saved
2022-07-06 14:19:09 INFO  OrangeHRMHome:63 - Omer1234 is successfully entered
2022-07-06 14:19:09 INFO  OrangeHRMHome:68 - 123BRk is successfully entered
2022-07-06 14:19:10 INFO  OrangeHRMHome:63 - Libby is successfully entered
2022-07-06 14:19:11 INFO  OrangeHRMHome:68 - Renastech is successfully entered
2022-07-06 14:19:11 INFO  OrangeHRMHome:98 - The option is selected from dropdown successfully
2022-07-06 14:19:12 INFO  OrangeHRMHome:73 - The information is successfully saved
2022-07-06 14:19:13 INFO  OrangeHRMHome:73 - The information is successfully saved
2022-07-06 14:19:28 INFO  OrangeHRMHome:63 - Gulsen is successfully entered
2022-07-06 14:19:28 INFO  OrangeHRMHome:68 - Renastech is successfully entered

